g++ -std=c++0x -c -g Quash.h Quash.cpp Utilities.h Utilities.cpp 
Quash.cpp: In member function ‘QuashCmds Quash::isShellCommand(Process)’:
Quash.cpp:100:13: error: no match for ‘operator==’ in ‘"cd" == process’
Quash.cpp:100:13: note: candidates are:
In file included from /usr/lib/gcc/x86_64-redhat-linux/4.7.2/../../../../include/c++/4.7.2/iosfwd:42:0,
                 from /usr/lib/gcc/x86_64-redhat-linux/4.7.2/../../../../include/c++/4.7.2/ios:39,
                 from /usr/lib/gcc/x86_64-redhat-linux/4.7.2/../../../../include/c++/4.7.2/ostream:40,
                 from /usr/lib/gcc/x86_64-redhat-linux/4.7.2/../../../../include/c++/4.7.2/iostream:40,
                 from Quash.cpp:4:
/usr/lib/gcc/x86_64-redhat-linux/4.7.2/../../../../include/c++/4.7.2/bits/postypes.h:218:5: note: template<class _StateT> bool std::operator==(const std::fpos<_StateT>&, const std::fpos<_StateT>&)
/usr/lib/gcc/x86_64-redhat-linux/4.7.2/../../../../include/c++/4.7.2/bits/postypes.h:218:5: note:   template argument deduction/substitution failed:
Quash.cpp:100:13: note:   mismatched types ‘const std::fpos<_StateT>’ and ‘const char [3]’
In file included from /usr/lib/gcc/x86_64-redhat-linux/4.7.2/../../../../include/c++/4.7.2/bits/stl_algobase.h:65:0,
                 from /usr/lib/gcc/x86_64-redhat-linux/4.7.2/../../../../include/c++/4.7.2/bits/char_traits.h:41,
                 from /usr/lib/gcc/x86_64-redhat-linux/4.7.2/../../../../include/c++/4.7.2/ios:41,
                 from /usr/lib/gcc/x86_64-redhat-linux/4.7.2/../../../../include/c++/4.7.2/ostream:40,
                 from /usr/lib/gcc/x86_64-redhat-linux/4.7.2/../../../../include/c++/4.7.2/iostream:40,
                 from Quash.cpp:4:
/usr/lib/gcc/x86_64-redhat-linux/4.7.2/../../../../include/c++/4.7.2/bits/stl_pair.h:206:5: note: template<class _T1, class _T2> constexpr bool std::operator==(const std::pair<_T1, _T2>&, const std::pair<_T1, _T2>&)
/usr/lib/gcc/x86_64-redhat-linux/4.7.2/../../../../include/c++/4.7.2/bits/stl_pair.h:206:5: note:   template argument deduction/substitution failed:
Quash.cpp:100:13: note:   mismatched types ‘const std::pair<_T1, _T2>’ and ‘const char [3]’
In file included from /usr/lib/gcc/x86_64-redhat-linux/4.7.2/../../../../include/c++/4.7.2/bits/stl_algobase.h:68:0,
                 from /usr/lib/gcc/x86_64-redhat-linux/4.7.2/../../../../include/c++/4.7.2/bits/char_traits.h:41,
                 from /usr/lib/gcc/x86_64-redhat-linux/4.7.2/../../../../include/c++/4.7.2/ios:41,
                 from /usr/lib/gcc/x86_64-redhat-linux/4.7.2/../../../../include/c++/4.7.2/ostream:40,
                 from /usr/lib/gcc/x86_64-redhat-linux/4.7.2/../../../../include/c++/4.7.2/iostream:40,
                 from Quash.cpp:4:
/usr/lib/gcc/x86_64-redhat-linux/4.7.2/../../../../include/c++/4.7.2/bits/stl_iterator.h:293:5: note: template<class _Iterator> bool std::operator==(const std::reverse_iterator<_Iterator>&, const std::reverse_iterator<_Iterator>&)
/usr/lib/gcc/x86_64-redhat-linux/4.7.2/../../../../include/c++/4.7.2/bits/stl_iterator.h:293:5: note:   template argument deduction/substitution failed:
Quash.cpp:100:13: note:   mismatched types ‘const std::reverse_iterator<_Iterator>’ and ‘const char [3]’
In file included from /usr/lib/gcc/x86_64-redhat-linux/4.7.2/../../../../include/c++/4.7.2/bits/stl_algobase.h:68:0,
                 from /usr/lib/gcc/x86_64-redhat-linux/4.7.2/../../../../include/c++/4.7.2/bits/char_traits.h:41,
                 from /usr/lib/gcc/x86_64-redhat-linux/4.7.2/../../../../include/c++/4.7.2/ios:41,
                 from /usr/lib/gcc/x86_64-redhat-linux/4.7.2/../../../../include/c++/4.7.2/ostream:40,
                 from /usr/lib/gcc/x86_64-redhat-linux/4.7.2/../../../../include/c++/4.7.2/iostream:40,
                 from Quash.cpp:4:
/usr/lib/gcc/x86_64-redhat-linux/4.7.2/../../../../include/c++/4.7.2/bits/stl_iterator.h:343:5: note: template<class _IteratorL, class _IteratorR> bool std::operator==(const std::reverse_iterator<_IteratorL>&, const std::reverse_iterator<_IteratorR>&)
/usr/lib/gcc/x86_64-redhat-linux/4.7.2/../../../../include/c++/4.7.2/bits/stl_iterator.h:343:5: note:   template argument deduction/substitution failed:
Quash.cpp:100:13: note:   mismatched types ‘const std::reverse_iterator<_IteratorL>’ and ‘const char [3]’
In file included from /usr/lib/gcc/x86_64-redhat-linux/4.7.2/../../../../include/c++/4.7.2/bits/stl_algobase.h:68:0,
                 from /usr/lib/gcc/x86_64-redhat-linux/4.7.2/../../../../include/c++/4.7.2/bits/char_traits.h:41,
                 from /usr/lib/gcc/x86_64-redhat-linux/4.7.2/../../../../include/c++/4.7.2/ios:41,
                 from /usr/lib/gcc/x86_64-redhat-linux/4.7.2/../../../../include/c++/4.7.2/ostream:40,
                 from /usr/lib/gcc/x86_64-redhat-linux/4.7.2/../../../../include/c++/4.7.2/iostream:40,
                 from Quash.cpp:4:
/usr/lib/gcc/x86_64-redhat-linux/4.7.2/../../../../include/c++/4.7.2/bits/stl_iterator.h:1033:5: note: template<class _IteratorL, class _IteratorR> bool std::operator==(const std::move_iterator<_IteratorL>&, const std::move_iterator<_IteratorR>&)
/usr/lib/gcc/x86_64-redhat-linux/4.7.2/../../../../include/c++/4.7.2/bits/stl_iterator.h:1033:5: note:   template argument deduction/substitution failed:
Quash.cpp:100:13: note:   mismatched types ‘const std::move_iterator<_IteratorL>’ and ‘const char [3]’
In file included from /usr/lib/gcc/x86_64-redhat-linux/4.7.2/../../../../include/c++/4.7.2/bits/stl_algobase.h:68:0,
                 from /usr/lib/gcc/x86_64-redhat-linux/4.7.2/../../../../include/c++/4.7.2/bits/char_traits.h:41,
                 from /usr/lib/gcc/x86_64-redhat-linux/4.7.2/../../../../include/c++/4.7.2/ios:41,
                 from /usr/lib/gcc/x86_64-redhat-linux/4.7.2/../../../../include/c++/4.7.2/ostream:40,
                 from /usr/lib/gcc/x86_64-redhat-linux/4.7.2/../../../../include/c++/4.7.2/iostream:40,
                 from Quash.cpp:4:
/usr/lib/gcc/x86_64-redhat-linux/4.7.2/../../../../include/c++/4.7.2/bits/stl_iterator.h:1039:5: note: template<class _Iterator> bool std::operator==(const std::move_iterator<_Iterator>&, const std::move_iterator<_Iterator>&)
/usr/lib/gcc/x86_64-redhat-linux/4.7.2/../../../../include/c++/4.7.2/bits/stl_iterator.h:1039:5: note:   template argument deduction/substitution failed:
Quash.cpp:100:13: note:   mismatched types ‘const std::move_iterator<_Iterator>’ and ‘const char [3]’
In file included from /usr/lib/gcc/x86_64-redhat-linux/4.7.2/../../../../include/c++/4.7.2/string:43:0,
                 from /usr/lib/gcc/x86_64-redhat-linux/4.7.2/../../../../include/c++/4.7.2/bits/locale_classes.h:42,
                 from /usr/lib/gcc/x86_64-redhat-linux/4.7.2/../../../../include/c++/4.7.2/bits/ios_base.h:43,
                 from /usr/lib/gcc/x86_64-redhat-linux/4.7.2/../../../../include/c++/4.7.2/ios:43,
                 from /usr/lib/gcc/x86_64-redhat-linux/4.7.2/../../../../include/c++/4.7.2/ostream:40,
                 from /usr/lib/gcc/x86_64-redhat-linux/4.7.2/../../../../include/c++/4.7.2/iostream:40,
                 from Quash.cpp:4:
/usr/lib/gcc/x86_64-redhat-linux/4.7.2/../../../../include/c++/4.7.2/bits/allocator.h:119:5: note: template<class _T1, class _T2> bool std::operator==(const std::allocator<_T1>&, const std::allocator<_T2>&)
/usr/lib/gcc/x86_64-redhat-linux/4.7.2/../../../../include/c++/4.7.2/bits/allocator.h:119:5: note:   template argument deduction/substitution failed:
Quash.cpp:100:13: note:   mismatched types ‘const std::allocator<_T1>’ and ‘const char [3]’
In file included from /usr/lib/gcc/x86_64-redhat-linux/4.7.2/../../../../include/c++/4.7.2/string:43:0,
                 from /usr/lib/gcc/x86_64-redhat-linux/4.7.2/../../../../include/c++/4.7.2/bits/locale_classes.h:42,
                 from /usr/lib/gcc/x86_64-redhat-linux/4.7.2/../../../../include/c++/4.7.2/bits/ios_base.h:43,
                 from /usr/lib/gcc/x86_64-redhat-linux/4.7.2/../../../../include/c++/4.7.2/ios:43,
                 from /usr/lib/gcc/x86_64-redhat-linux/4.7.2/../../../../include/c++/4.7.2/ostream:40,
                 from /usr/lib/gcc/x86_64-redhat-linux/4.7.2/../../../../include/c++/4.7.2/iostream:40,
                 from Quash.cpp:4:
/usr/lib/gcc/x86_64-redhat-linux/4.7.2/../../../../include/c++/4.7.2/bits/allocator.h:124:5: note: template<class _Tp> bool std::operator==(const std::allocator<_Tp1>&, const std::allocator<_Tp1>&)
/usr/lib/gcc/x86_64-redhat-linux/4.7.2/../../../../include/c++/4.7.2/bits/allocator.h:124:5: note:   template argument deduction/substitution failed:
Quash.cpp:100:13: note:   mismatched types ‘const std::allocator<_Tp1>’ and ‘const char [3]’
In file included from /usr/lib/gcc/x86_64-redhat-linux/4.7.2/../../../../include/c++/4.7.2/string:54:0,
                 from /usr/lib/gcc/x86_64-redhat-linux/4.7.2/../../../../include/c++/4.7.2/bits/locale_classes.h:42,
                 from /usr/lib/gcc/x86_64-redhat-linux/4.7.2/../../../../include/c++/4.7.2/bits/ios_base.h:43,
                 from /usr/lib/gcc/x86_64-redhat-linux/4.7.2/../../../../include/c++/4.7.2/ios:43,
                 from /usr/lib/gcc/x86_64-redhat-linux/4.7.2/../../../../include/c++/4.7.2/ostream:40,
                 from /usr/lib/gcc/x86_64-redhat-linux/4.7.2/../../../../include/c++/4.7.2/iostream:40,
                 from Quash.cpp:4:
/usr/lib/gcc/x86_64-redhat-linux/4.7.2/../../../../include/c++/4.7.2/bits/basic_string.h:2483:5: note: template<class _CharT, class _Traits, class _Alloc> bool std::operator==(const std::basic_string<_CharT, _Traits, _Alloc>&, const std::basic_string<_CharT, _Traits, _Alloc>&)
/usr/lib/gcc/x86_64-redhat-linux/4.7.2/../../../../include/c++/4.7.2/bits/basic_string.h:2483:5: note:   template argument deduction/substitution failed:
Quash.cpp:100:13: note:   mismatched types ‘const std::basic_string<_CharT, _Traits, _Alloc>’ and ‘const char [3]’
In file included from /usr/lib/gcc/x86_64-redhat-linux/4.7.2/../../../../include/c++/4.7.2/string:54:0,
                 from /usr/lib/gcc/x86_64-redhat-linux/4.7.2/../../../../include/c++/4.7.2/bits/locale_classes.h:42,
                 from /usr/lib/gcc/x86_64-redhat-linux/4.7.2/../../../../include/c++/4.7.2/bits/ios_base.h:43,
                 from /usr/lib/gcc/x86_64-redhat-linux/4.7.2/../../../../include/c++/4.7.2/ios:43,
                 from /usr/lib/gcc/x86_64-redhat-linux/4.7.2/../../../../include/c++/4.7.2/ostream:40,
                 from /usr/lib/gcc/x86_64-redhat-linux/4.7.2/../../../../include/c++/4.7.2/iostream:40,
                 from Quash.cpp:4:
/usr/lib/gcc/x86_64-redhat-linux/4.7.2/../../../../include/c++/4.7.2/bits/basic_string.h:2490:5: note: template<class _CharT> typename __gnu_cxx::__enable_if<std::__is_char<_Tp>::__value, bool>::__type std::operator==(const std::basic_string<_CharT>&, const std::basic_string<_CharT>&)
/usr/lib/gcc/x86_64-redhat-linux/4.7.2/../../../../include/c++/4.7.2/bits/basic_string.h:2490:5: note:   template argument deduction/substitution failed:
Quash.cpp:100:13: note:   mismatched types ‘const std::basic_string<_CharT>’ and ‘const char [3]’
In file included from /usr/lib/gcc/x86_64-redhat-linux/4.7.2/../../../../include/c++/4.7.2/string:54:0,
                 from /usr/lib/gcc/x86_64-redhat-linux/4.7.2/../../../../include/c++/4.7.2/bits/locale_classes.h:42,
                 from /usr/lib/gcc/x86_64-redhat-linux/4.7.2/../../../../include/c++/4.7.2/bits/ios_base.h:43,
                 from /usr/lib/gcc/x86_64-redhat-linux/4.7.2/../../../../include/c++/4.7.2/ios:43,
                 from /usr/lib/gcc/x86_64-redhat-linux/4.7.2/../../../../include/c++/4.7.2/ostream:40,
                 from /usr/lib/gcc/x86_64-redhat-linux/4.7.2/../../../../include/c++/4.7.2/iostream:40,
                 from Quash.cpp:4:
/usr/lib/gcc/x86_64-redhat-linux/4.7.2/../../../../include/c++/4.7.2/bits/basic_string.h:2504:5: note: template<class _CharT, class _Traits, class _Alloc> bool std::operator==(const _CharT*, const std::basic_string<_CharT, _Traits, _Alloc>&)
/usr/lib/gcc/x86_64-redhat-linux/4.7.2/../../../../include/c++/4.7.2/bits/basic_string.h:2504:5: note:   template argument deduction/substitution failed:
Quash.cpp:100:13: note:   ‘const Process’ is not derived from ‘const std::basic_string<_CharT, _Traits, _Alloc>’
In file included from /usr/lib/gcc/x86_64-redhat-linux/4.7.2/../../../../include/c++/4.7.2/string:54:0,
                 from /usr/lib/gcc/x86_64-redhat-linux/4.7.2/../../../../include/c++/4.7.2/bits/locale_classes.h:42,
                 from /usr/lib/gcc/x86_64-redhat-linux/4.7.2/../../../../include/c++/4.7.2/bits/ios_base.h:43,
                 from /usr/lib/gcc/x86_64-redhat-linux/4.7.2/../../../../include/c++/4.7.2/ios:43,
                 from /usr/lib/gcc/x86_64-redhat-linux/4.7.2/../../../../include/c++/4.7.2/ostream:40,
                 from /usr/lib/gcc/x86_64-redhat-linux/4.7.2/../../../../include/c++/4.7.2/iostream:40,
                 from Quash.cpp:4:
/usr/lib/gcc/x86_64-redhat-linux/4.7.2/../../../../include/c++/4.7.2/bits/basic_string.h:2516:5: note: template<class _CharT, class _Traits, class _Alloc> bool std::operator==(const std::basic_string<_CharT, _Traits, _Alloc>&, const _CharT*)
/usr/lib/gcc/x86_64-redhat-linux/4.7.2/../../../../include/c++/4.7.2/bits/basic_string.h:2516:5: note:   template argument deduction/substitution failed:
Quash.cpp:100:13: note:   mismatched types ‘const std::basic_string<_CharT, _Traits, _Alloc>’ and ‘const char [3]’
In file included from /usr/lib/gcc/x86_64-redhat-linux/4.7.2/../../../../include/c++/4.7.2/bits/locale_facets.h:50:0,
                 from /usr/lib/gcc/x86_64-redhat-linux/4.7.2/../../../../include/c++/4.7.2/bits/basic_ios.h:39,
                 from /usr/lib/gcc/x86_64-redhat-linux/4.7.2/../../../../include/c++/4.7.2/ios:45,
                 from /usr/lib/gcc/x86_64-redhat-linux/4.7.2/../../../../include/c++/4.7.2/ostream:40,
                 from /usr/lib/gcc/x86_64-redhat-linux/4.7.2/../../../../include/c++/4.7.2/iostream:40,
                 from Quash.cpp:4:
/usr/lib/gcc/x86_64-redhat-linux/4.7.2/../../../../include/c++/4.7.2/bits/streambuf_iterator.h:206:5: note: template<class _CharT, class _Traits> bool std::operator==(const std::istreambuf_iterator<_CharT, _Traits>&, const std::istreambuf_iterator<_CharT, _Traits>&)
/usr/lib/gcc/x86_64-redhat-linux/4.7.2/../../../../include/c++/4.7.2/bits/streambuf_iterator.h:206:5: note:   template argument deduction/substitution failed:
Quash.cpp:100:13: note:   mismatched types ‘const std::istreambuf_iterator<_CharT, _Traits>’ and ‘const char [3]’
In file included from /usr/lib/gcc/x86_64-redhat-linux/4.7.2/../../../../include/c++/4.7.2/vector:65:0,
                 from Quash.cpp:7:
/usr/lib/gcc/x86_64-redhat-linux/4.7.2/../../../../include/c++/4.7.2/bits/stl_vector.h:1370:5: note: template<class _Tp, class _Alloc> bool std::operator==(const std::vector<_Tp, _Alloc>&, const std::vector<_Tp, _Alloc>&)
/usr/lib/gcc/x86_64-redhat-linux/4.7.2/../../../../include/c++/4.7.2/bits/stl_vector.h:1370:5: note:   template argument deduction/substitution failed:
Quash.cpp:100:13: note:   mismatched types ‘const std::vector<_Tp, _Alloc>’ and ‘const char [3]’
Quash.cpp:102:19: error: no match for ‘operator==’ in ‘"set" == process’
Quash.cpp:102:19: note: candidates are:
In file included from /usr/lib/gcc/x86_64-redhat-linux/4.7.2/../../../../include/c++/4.7.2/iosfwd:42:0,
                 from /usr/lib/gcc/x86_64-redhat-linux/4.7.2/../../../../include/c++/4.7.2/ios:39,
                 from /usr/lib/gcc/x86_64-redhat-linux/4.7.2/../../../../include/c++/4.7.2/ostream:40,
                 from /usr/lib/gcc/x86_64-redhat-linux/4.7.2/../../../../include/c++/4.7.2/iostream:40,
                 from Quash.cpp:4:
/usr/lib/gcc/x86_64-redhat-linux/4.7.2/../../../../include/c++/4.7.2/bits/postypes.h:218:5: note: template<class _StateT> bool std::operator==(const std::fpos<_StateT>&, const std::fpos<_StateT>&)
/usr/lib/gcc/x86_64-redhat-linux/4.7.2/../../../../include/c++/4.7.2/bits/postypes.h:218:5: note:   template argument deduction/substitution failed:
Quash.cpp:102:19: note:   mismatched types ‘const std::fpos<_StateT>’ and ‘const char [4]’
In file included from /usr/lib/gcc/x86_64-redhat-linux/4.7.2/../../../../include/c++/4.7.2/bits/stl_algobase.h:65:0,
                 from /usr/lib/gcc/x86_64-redhat-linux/4.7.2/../../../../include/c++/4.7.2/bits/char_traits.h:41,
                 from /usr/lib/gcc/x86_64-redhat-linux/4.7.2/../../../../include/c++/4.7.2/ios:41,
                 from /usr/lib/gcc/x86_64-redhat-linux/4.7.2/../../../../include/c++/4.7.2/ostream:40,
                 from /usr/lib/gcc/x86_64-redhat-linux/4.7.2/../../../../include/c++/4.7.2/iostream:40,
                 from Quash.cpp:4:
/usr/lib/gcc/x86_64-redhat-linux/4.7.2/../../../../include/c++/4.7.2/bits/stl_pair.h:206:5: note: template<class _T1, class _T2> constexpr bool std::operator==(const std::pair<_T1, _T2>&, const std::pair<_T1, _T2>&)
/usr/lib/gcc/x86_64-redhat-linux/4.7.2/../../../../include/c++/4.7.2/bits/stl_pair.h:206:5: note:   template argument deduction/substitution failed:
Quash.cpp:102:19: note:   mismatched types ‘const std::pair<_T1, _T2>’ and ‘const char [4]’
In file included from /usr/lib/gcc/x86_64-redhat-linux/4.7.2/../../../../include/c++/4.7.2/bits/stl_algobase.h:68:0,
                 from /usr/lib/gcc/x86_64-redhat-linux/4.7.2/../../../../include/c++/4.7.2/bits/char_traits.h:41,
                 from /usr/lib/gcc/x86_64-redhat-linux/4.7.2/../../../../include/c++/4.7.2/ios:41,
                 from /usr/lib/gcc/x86_64-redhat-linux/4.7.2/../../../../include/c++/4.7.2/ostream:40,
                 from /usr/lib/gcc/x86_64-redhat-linux/4.7.2/../../../../include/c++/4.7.2/iostream:40,
                 from Quash.cpp:4:
/usr/lib/gcc/x86_64-redhat-linux/4.7.2/../../../../include/c++/4.7.2/bits/stl_iterator.h:293:5: note: template<class _Iterator> bool std::operator==(const std::reverse_iterator<_Iterator>&, const std::reverse_iterator<_Iterator>&)
/usr/lib/gcc/x86_64-redhat-linux/4.7.2/../../../../include/c++/4.7.2/bits/stl_iterator.h:293:5: note:   template argument deduction/substitution failed:
Quash.cpp:102:19: note:   mismatched types ‘const std::reverse_iterator<_Iterator>’ and ‘const char [4]’
In file included from /usr/lib/gcc/x86_64-redhat-linux/4.7.2/../../../../include/c++/4.7.2/bits/stl_algobase.h:68:0,
                 from /usr/lib/gcc/x86_64-redhat-linux/4.7.2/../../../../include/c++/4.7.2/bits/char_traits.h:41,
                 from /usr/lib/gcc/x86_64-redhat-linux/4.7.2/../../../../include/c++/4.7.2/ios:41,
                 from /usr/lib/gcc/x86_64-redhat-linux/4.7.2/../../../../include/c++/4.7.2/ostream:40,
                 from /usr/lib/gcc/x86_64-redhat-linux/4.7.2/../../../../include/c++/4.7.2/iostream:40,
                 from Quash.cpp:4:
/usr/lib/gcc/x86_64-redhat-linux/4.7.2/../../../../include/c++/4.7.2/bits/stl_iterator.h:343:5: note: template<class _IteratorL, class _IteratorR> bool std::operator==(const std::reverse_iterator<_IteratorL>&, const std::reverse_iterator<_IteratorR>&)
/usr/lib/gcc/x86_64-redhat-linux/4.7.2/../../../../include/c++/4.7.2/bits/stl_iterator.h:343:5: note:   template argument deduction/substitution failed:
Quash.cpp:102:19: note:   mismatched types ‘const std::reverse_iterator<_IteratorL>’ and ‘const char [4]’
In file included from /usr/lib/gcc/x86_64-redhat-linux/4.7.2/../../../../include/c++/4.7.2/bits/stl_algobase.h:68:0,
                 from /usr/lib/gcc/x86_64-redhat-linux/4.7.2/../../../../include/c++/4.7.2/bits/char_traits.h:41,
                 from /usr/lib/gcc/x86_64-redhat-linux/4.7.2/../../../../include/c++/4.7.2/ios:41,
                 from /usr/lib/gcc/x86_64-redhat-linux/4.7.2/../../../../include/c++/4.7.2/ostream:40,
                 from /usr/lib/gcc/x86_64-redhat-linux/4.7.2/../../../../include/c++/4.7.2/iostream:40,
                 from Quash.cpp:4:
/usr/lib/gcc/x86_64-redhat-linux/4.7.2/../../../../include/c++/4.7.2/bits/stl_iterator.h:1033:5: note: template<class _IteratorL, class _IteratorR> bool std::operator==(const std::move_iterator<_IteratorL>&, const std::move_iterator<_IteratorR>&)
/usr/lib/gcc/x86_64-redhat-linux/4.7.2/../../../../include/c++/4.7.2/bits/stl_iterator.h:1033:5: note:   template argument deduction/substitution failed:
Quash.cpp:102:19: note:   mismatched types ‘const std::move_iterator<_IteratorL>’ and ‘const char [4]’
In file included from /usr/lib/gcc/x86_64-redhat-linux/4.7.2/../../../../include/c++/4.7.2/bits/stl_algobase.h:68:0,
                 from /usr/lib/gcc/x86_64-redhat-linux/4.7.2/../../../../include/c++/4.7.2/bits/char_traits.h:41,
                 from /usr/lib/gcc/x86_64-redhat-linux/4.7.2/../../../../include/c++/4.7.2/ios:41,
                 from /usr/lib/gcc/x86_64-redhat-linux/4.7.2/../../../../include/c++/4.7.2/ostream:40,
                 from /usr/lib/gcc/x86_64-redhat-linux/4.7.2/../../../../include/c++/4.7.2/iostream:40,
                 from Quash.cpp:4:
/usr/lib/gcc/x86_64-redhat-linux/4.7.2/../../../../include/c++/4.7.2/bits/stl_iterator.h:1039:5: note: template<class _Iterator> bool std::operator==(const std::move_iterator<_Iterator>&, const std::move_iterator<_Iterator>&)
/usr/lib/gcc/x86_64-redhat-linux/4.7.2/../../../../include/c++/4.7.2/bits/stl_iterator.h:1039:5: note:   template argument deduction/substitution failed:
Quash.cpp:102:19: note:   mismatched types ‘const std::move_iterator<_Iterator>’ and ‘const char [4]’
In file included from /usr/lib/gcc/x86_64-redhat-linux/4.7.2/../../../../include/c++/4.7.2/string:43:0,
                 from /usr/lib/gcc/x86_64-redhat-linux/4.7.2/../../../../include/c++/4.7.2/bits/locale_classes.h:42,
                 from /usr/lib/gcc/x86_64-redhat-linux/4.7.2/../../../../include/c++/4.7.2/bits/ios_base.h:43,
                 from /usr/lib/gcc/x86_64-redhat-linux/4.7.2/../../../../include/c++/4.7.2/ios:43,
                 from /usr/lib/gcc/x86_64-redhat-linux/4.7.2/../../../../include/c++/4.7.2/ostream:40,
                 from /usr/lib/gcc/x86_64-redhat-linux/4.7.2/../../../../include/c++/4.7.2/iostream:40,
                 from Quash.cpp:4:
/usr/lib/gcc/x86_64-redhat-linux/4.7.2/../../../../include/c++/4.7.2/bits/allocator.h:119:5: note: template<class _T1, class _T2> bool std::operator==(const std::allocator<_T1>&, const std::allocator<_T2>&)
/usr/lib/gcc/x86_64-redhat-linux/4.7.2/../../../../include/c++/4.7.2/bits/allocator.h:119:5: note:   template argument deduction/substitution failed:
Quash.cpp:102:19: note:   mismatched types ‘const std::allocator<_T1>’ and ‘const char [4]’
In file included from /usr/lib/gcc/x86_64-redhat-linux/4.7.2/../../../../include/c++/4.7.2/string:43:0,
                 from /usr/lib/gcc/x86_64-redhat-linux/4.7.2/../../../../include/c++/4.7.2/bits/locale_classes.h:42,
                 from /usr/lib/gcc/x86_64-redhat-linux/4.7.2/../../../../include/c++/4.7.2/bits/ios_base.h:43,
                 from /usr/lib/gcc/x86_64-redhat-linux/4.7.2/../../../../include/c++/4.7.2/ios:43,
                 from /usr/lib/gcc/x86_64-redhat-linux/4.7.2/../../../../include/c++/4.7.2/ostream:40,
                 from /usr/lib/gcc/x86_64-redhat-linux/4.7.2/../../../../include/c++/4.7.2/iostream:40,
                 from Quash.cpp:4:
/usr/lib/gcc/x86_64-redhat-linux/4.7.2/../../../../include/c++/4.7.2/bits/allocator.h:124:5: note: template<class _Tp> bool std::operator==(const std::allocator<_Tp1>&, const std::allocator<_Tp1>&)
/usr/lib/gcc/x86_64-redhat-linux/4.7.2/../../../../include/c++/4.7.2/bits/allocator.h:124:5: note:   template argument deduction/substitution failed:
Quash.cpp:102:19: note:   mismatched types ‘const std::allocator<_Tp1>’ and ‘const char [4]’
In file included from /usr/lib/gcc/x86_64-redhat-linux/4.7.2/../../../../include/c++/4.7.2/string:54:0,
                 from /usr/lib/gcc/x86_64-redhat-linux/4.7.2/../../../../include/c++/4.7.2/bits/locale_classes.h:42,
                 from /usr/lib/gcc/x86_64-redhat-linux/4.7.2/../../../../include/c++/4.7.2/bits/ios_base.h:43,
                 from /usr/lib/gcc/x86_64-redhat-linux/4.7.2/../../../../include/c++/4.7.2/ios:43,
                 from /usr/lib/gcc/x86_64-redhat-linux/4.7.2/../../../../include/c++/4.7.2/ostream:40,
                 from /usr/lib/gcc/x86_64-redhat-linux/4.7.2/../../../../include/c++/4.7.2/iostream:40,
                 from Quash.cpp:4:
/usr/lib/gcc/x86_64-redhat-linux/4.7.2/../../../../include/c++/4.7.2/bits/basic_string.h:2483:5: note: template<class _CharT, class _Traits, class _Alloc> bool std::operator==(const std::basic_string<_CharT, _Traits, _Alloc>&, const std::basic_string<_CharT, _Traits, _Alloc>&)
/usr/lib/gcc/x86_64-redhat-linux/4.7.2/../../../../include/c++/4.7.2/bits/basic_string.h:2483:5: note:   template argument deduction/substitution failed:
Quash.cpp:102:19: note:   mismatched types ‘const std::basic_string<_CharT, _Traits, _Alloc>’ and ‘const char [4]’
In file included from /usr/lib/gcc/x86_64-redhat-linux/4.7.2/../../../../include/c++/4.7.2/string:54:0,
                 from /usr/lib/gcc/x86_64-redhat-linux/4.7.2/../../../../include/c++/4.7.2/bits/locale_classes.h:42,
                 from /usr/lib/gcc/x86_64-redhat-linux/4.7.2/../../../../include/c++/4.7.2/bits/ios_base.h:43,
                 from /usr/lib/gcc/x86_64-redhat-linux/4.7.2/../../../../include/c++/4.7.2/ios:43,
                 from /usr/lib/gcc/x86_64-redhat-linux/4.7.2/../../../../include/c++/4.7.2/ostream:40,
                 from /usr/lib/gcc/x86_64-redhat-linux/4.7.2/../../../../include/c++/4.7.2/iostream:40,
                 from Quash.cpp:4:
/usr/lib/gcc/x86_64-redhat-linux/4.7.2/../../../../include/c++/4.7.2/bits/basic_string.h:2490:5: note: template<class _CharT> typename __gnu_cxx::__enable_if<std::__is_char<_Tp>::__value, bool>::__type std::operator==(const std::basic_string<_CharT>&, const std::basic_string<_CharT>&)
/usr/lib/gcc/x86_64-redhat-linux/4.7.2/../../../../include/c++/4.7.2/bits/basic_string.h:2490:5: note:   template argument deduction/substitution failed:
Quash.cpp:102:19: note:   mismatched types ‘const std::basic_string<_CharT>’ and ‘const char [4]’
In file included from /usr/lib/gcc/x86_64-redhat-linux/4.7.2/../../../../include/c++/4.7.2/string:54:0,
                 from /usr/lib/gcc/x86_64-redhat-linux/4.7.2/../../../../include/c++/4.7.2/bits/locale_classes.h:42,
                 from /usr/lib/gcc/x86_64-redhat-linux/4.7.2/../../../../include/c++/4.7.2/bits/ios_base.h:43,
                 from /usr/lib/gcc/x86_64-redhat-linux/4.7.2/../../../../include/c++/4.7.2/ios:43,
                 from /usr/lib/gcc/x86_64-redhat-linux/4.7.2/../../../../include/c++/4.7.2/ostream:40,
                 from /usr/lib/gcc/x86_64-redhat-linux/4.7.2/../../../../include/c++/4.7.2/iostream:40,
                 from Quash.cpp:4:
/usr/lib/gcc/x86_64-redhat-linux/4.7.2/../../../../include/c++/4.7.2/bits/basic_string.h:2504:5: note: template<class _CharT, class _Traits, class _Alloc> bool std::operator==(const _CharT*, const std::basic_string<_CharT, _Traits, _Alloc>&)
/usr/lib/gcc/x86_64-redhat-linux/4.7.2/../../../../include/c++/4.7.2/bits/basic_string.h:2504:5: note:   template argument deduction/substitution failed:
Quash.cpp:102:19: note:   ‘const Process’ is not derived from ‘const std::basic_string<_CharT, _Traits, _Alloc>’
In file included from /usr/lib/gcc/x86_64-redhat-linux/4.7.2/../../../../include/c++/4.7.2/string:54:0,
                 from /usr/lib/gcc/x86_64-redhat-linux/4.7.2/../../../../include/c++/4.7.2/bits/locale_classes.h:42,
                 from /usr/lib/gcc/x86_64-redhat-linux/4.7.2/../../../../include/c++/4.7.2/bits/ios_base.h:43,
                 from /usr/lib/gcc/x86_64-redhat-linux/4.7.2/../../../../include/c++/4.7.2/ios:43,
                 from /usr/lib/gcc/x86_64-redhat-linux/4.7.2/../../../../include/c++/4.7.2/ostream:40,
                 from /usr/lib/gcc/x86_64-redhat-linux/4.7.2/../../../../include/c++/4.7.2/iostream:40,
                 from Quash.cpp:4:
/usr/lib/gcc/x86_64-redhat-linux/4.7.2/../../../../include/c++/4.7.2/bits/basic_string.h:2516:5: note: template<class _CharT, class _Traits, class _Alloc> bool std::operator==(const std::basic_string<_CharT, _Traits, _Alloc>&, const _CharT*)
/usr/lib/gcc/x86_64-redhat-linux/4.7.2/../../../../include/c++/4.7.2/bits/basic_string.h:2516:5: note:   template argument deduction/substitution failed:
Quash.cpp:102:19: note:   mismatched types ‘const std::basic_string<_CharT, _Traits, _Alloc>’ and ‘const char [4]’
In file included from /usr/lib/gcc/x86_64-redhat-linux/4.7.2/../../../../include/c++/4.7.2/bits/locale_facets.h:50:0,
                 from /usr/lib/gcc/x86_64-redhat-linux/4.7.2/../../../../include/c++/4.7.2/bits/basic_ios.h:39,
                 from /usr/lib/gcc/x86_64-redhat-linux/4.7.2/../../../../include/c++/4.7.2/ios:45,
                 from /usr/lib/gcc/x86_64-redhat-linux/4.7.2/../../../../include/c++/4.7.2/ostream:40,
                 from /usr/lib/gcc/x86_64-redhat-linux/4.7.2/../../../../include/c++/4.7.2/iostream:40,
                 from Quash.cpp:4:
/usr/lib/gcc/x86_64-redhat-linux/4.7.2/../../../../include/c++/4.7.2/bits/streambuf_iterator.h:206:5: note: template<class _CharT, class _Traits> bool std::operator==(const std::istreambuf_iterator<_CharT, _Traits>&, const std::istreambuf_iterator<_CharT, _Traits>&)
/usr/lib/gcc/x86_64-redhat-linux/4.7.2/../../../../include/c++/4.7.2/bits/streambuf_iterator.h:206:5: note:   template argument deduction/substitution failed:
Quash.cpp:102:19: note:   mismatched types ‘const std::istreambuf_iterator<_CharT, _Traits>’ and ‘const char [4]’
In file included from /usr/lib/gcc/x86_64-redhat-linux/4.7.2/../../../../include/c++/4.7.2/vector:65:0,
                 from Quash.cpp:7:
/usr/lib/gcc/x86_64-redhat-linux/4.7.2/../../../../include/c++/4.7.2/bits/stl_vector.h:1370:5: note: template<class _Tp, class _Alloc> bool std::operator==(const std::vector<_Tp, _Alloc>&, const std::vector<_Tp, _Alloc>&)
/usr/lib/gcc/x86_64-redhat-linux/4.7.2/../../../../include/c++/4.7.2/bits/stl_vector.h:1370:5: note:   template argument deduction/substitution failed:
Quash.cpp:102:19: note:   mismatched types ‘const std::vector<_Tp, _Alloc>’ and ‘const char [4]’
Quash.cpp:104:20: error: no match for ‘operator==’ in ‘"exit" == process’
Quash.cpp:104:20: note: candidates are:
In file included from /usr/lib/gcc/x86_64-redhat-linux/4.7.2/../../../../include/c++/4.7.2/iosfwd:42:0,
                 from /usr/lib/gcc/x86_64-redhat-linux/4.7.2/../../../../include/c++/4.7.2/ios:39,
                 from /usr/lib/gcc/x86_64-redhat-linux/4.7.2/../../../../include/c++/4.7.2/ostream:40,
                 from /usr/lib/gcc/x86_64-redhat-linux/4.7.2/../../../../include/c++/4.7.2/iostream:40,
                 from Quash.cpp:4:
/usr/lib/gcc/x86_64-redhat-linux/4.7.2/../../../../include/c++/4.7.2/bits/postypes.h:218:5: note: template<class _StateT> bool std::operator==(const std::fpos<_StateT>&, const std::fpos<_StateT>&)
/usr/lib/gcc/x86_64-redhat-linux/4.7.2/../../../../include/c++/4.7.2/bits/postypes.h:218:5: note:   template argument deduction/substitution failed:
Quash.cpp:104:20: note:   mismatched types ‘const std::fpos<_StateT>’ and ‘const char [5]’
In file included from /usr/lib/gcc/x86_64-redhat-linux/4.7.2/../../../../include/c++/4.7.2/bits/stl_algobase.h:65:0,
                 from /usr/lib/gcc/x86_64-redhat-linux/4.7.2/../../../../include/c++/4.7.2/bits/char_traits.h:41,
                 from /usr/lib/gcc/x86_64-redhat-linux/4.7.2/../../../../include/c++/4.7.2/ios:41,
                 from /usr/lib/gcc/x86_64-redhat-linux/4.7.2/../../../../include/c++/4.7.2/ostream:40,
                 from /usr/lib/gcc/x86_64-redhat-linux/4.7.2/../../../../include/c++/4.7.2/iostream:40,
                 from Quash.cpp:4:
/usr/lib/gcc/x86_64-redhat-linux/4.7.2/../../../../include/c++/4.7.2/bits/stl_pair.h:206:5: note: template<class _T1, class _T2> constexpr bool std::operator==(const std::pair<_T1, _T2>&, const std::pair<_T1, _T2>&)
/usr/lib/gcc/x86_64-redhat-linux/4.7.2/../../../../include/c++/4.7.2/bits/stl_pair.h:206:5: note:   template argument deduction/substitution failed:
Quash.cpp:104:20: note:   mismatched types ‘const std::pair<_T1, _T2>’ and ‘const char [5]’
In file included from /usr/lib/gcc/x86_64-redhat-linux/4.7.2/../../../../include/c++/4.7.2/bits/stl_algobase.h:68:0,
                 from /usr/lib/gcc/x86_64-redhat-linux/4.7.2/../../../../include/c++/4.7.2/bits/char_traits.h:41,
                 from /usr/lib/gcc/x86_64-redhat-linux/4.7.2/../../../../include/c++/4.7.2/ios:41,
                 from /usr/lib/gcc/x86_64-redhat-linux/4.7.2/../../../../include/c++/4.7.2/ostream:40,
                 from /usr/lib/gcc/x86_64-redhat-linux/4.7.2/../../../../include/c++/4.7.2/iostream:40,
                 from Quash.cpp:4:
/usr/lib/gcc/x86_64-redhat-linux/4.7.2/../../../../include/c++/4.7.2/bits/stl_iterator.h:293:5: note: template<class _Iterator> bool std::operator==(const std::reverse_iterator<_Iterator>&, const std::reverse_iterator<_Iterator>&)
/usr/lib/gcc/x86_64-redhat-linux/4.7.2/../../../../include/c++/4.7.2/bits/stl_iterator.h:293:5: note:   template argument deduction/substitution failed:
Quash.cpp:104:20: note:   mismatched types ‘const std::reverse_iterator<_Iterator>’ and ‘const char [5]’
In file included from /usr/lib/gcc/x86_64-redhat-linux/4.7.2/../../../../include/c++/4.7.2/bits/stl_algobase.h:68:0,
                 from /usr/lib/gcc/x86_64-redhat-linux/4.7.2/../../../../include/c++/4.7.2/bits/char_traits.h:41,
                 from /usr/lib/gcc/x86_64-redhat-linux/4.7.2/../../../../include/c++/4.7.2/ios:41,
                 from /usr/lib/gcc/x86_64-redhat-linux/4.7.2/../../../../include/c++/4.7.2/ostream:40,
                 from /usr/lib/gcc/x86_64-redhat-linux/4.7.2/../../../../include/c++/4.7.2/iostream:40,
                 from Quash.cpp:4:
/usr/lib/gcc/x86_64-redhat-linux/4.7.2/../../../../include/c++/4.7.2/bits/stl_iterator.h:343:5: note: template<class _IteratorL, class _IteratorR> bool std::operator==(const std::reverse_iterator<_IteratorL>&, const std::reverse_iterator<_IteratorR>&)
/usr/lib/gcc/x86_64-redhat-linux/4.7.2/../../../../include/c++/4.7.2/bits/stl_iterator.h:343:5: note:   template argument deduction/substitution failed:
Quash.cpp:104:20: note:   mismatched types ‘const std::reverse_iterator<_IteratorL>’ and ‘const char [5]’
In file included from /usr/lib/gcc/x86_64-redhat-linux/4.7.2/../../../../include/c++/4.7.2/bits/stl_algobase.h:68:0,
                 from /usr/lib/gcc/x86_64-redhat-linux/4.7.2/../../../../include/c++/4.7.2/bits/char_traits.h:41,
                 from /usr/lib/gcc/x86_64-redhat-linux/4.7.2/../../../../include/c++/4.7.2/ios:41,
                 from /usr/lib/gcc/x86_64-redhat-linux/4.7.2/../../../../include/c++/4.7.2/ostream:40,
                 from /usr/lib/gcc/x86_64-redhat-linux/4.7.2/../../../../include/c++/4.7.2/iostream:40,
                 from Quash.cpp:4:
/usr/lib/gcc/x86_64-redhat-linux/4.7.2/../../../../include/c++/4.7.2/bits/stl_iterator.h:1033:5: note: template<class _IteratorL, class _IteratorR> bool std::operator==(const std::move_iterator<_IteratorL>&, const std::move_iterator<_IteratorR>&)
/usr/lib/gcc/x86_64-redhat-linux/4.7.2/../../../../include/c++/4.7.2/bits/stl_iterator.h:1033:5: note:   template argument deduction/substitution failed:
Quash.cpp:104:20: note:   mismatched types ‘const std::move_iterator<_IteratorL>’ and ‘const char [5]’
In file included from /usr/lib/gcc/x86_64-redhat-linux/4.7.2/../../../../include/c++/4.7.2/bits/stl_algobase.h:68:0,
                 from /usr/lib/gcc/x86_64-redhat-linux/4.7.2/../../../../include/c++/4.7.2/bits/char_traits.h:41,
                 from /usr/lib/gcc/x86_64-redhat-linux/4.7.2/../../../../include/c++/4.7.2/ios:41,
                 from /usr/lib/gcc/x86_64-redhat-linux/4.7.2/../../../../include/c++/4.7.2/ostream:40,
                 from /usr/lib/gcc/x86_64-redhat-linux/4.7.2/../../../../include/c++/4.7.2/iostream:40,
                 from Quash.cpp:4:
/usr/lib/gcc/x86_64-redhat-linux/4.7.2/../../../../include/c++/4.7.2/bits/stl_iterator.h:1039:5: note: template<class _Iterator> bool std::operator==(const std::move_iterator<_Iterator>&, const std::move_iterator<_Iterator>&)
/usr/lib/gcc/x86_64-redhat-linux/4.7.2/../../../../include/c++/4.7.2/bits/stl_iterator.h:1039:5: note:   template argument deduction/substitution failed:
Quash.cpp:104:20: note:   mismatched types ‘const std::move_iterator<_Iterator>’ and ‘const char [5]’
In file included from /usr/lib/gcc/x86_64-redhat-linux/4.7.2/../../../../include/c++/4.7.2/string:43:0,
                 from /usr/lib/gcc/x86_64-redhat-linux/4.7.2/../../../../include/c++/4.7.2/bits/locale_classes.h:42,
                 from /usr/lib/gcc/x86_64-redhat-linux/4.7.2/../../../../include/c++/4.7.2/bits/ios_base.h:43,
                 from /usr/lib/gcc/x86_64-redhat-linux/4.7.2/../../../../include/c++/4.7.2/ios:43,
                 from /usr/lib/gcc/x86_64-redhat-linux/4.7.2/../../../../include/c++/4.7.2/ostream:40,
                 from /usr/lib/gcc/x86_64-redhat-linux/4.7.2/../../../../include/c++/4.7.2/iostream:40,
                 from Quash.cpp:4:
/usr/lib/gcc/x86_64-redhat-linux/4.7.2/../../../../include/c++/4.7.2/bits/allocator.h:119:5: note: template<class _T1, class _T2> bool std::operator==(const std::allocator<_T1>&, const std::allocator<_T2>&)
/usr/lib/gcc/x86_64-redhat-linux/4.7.2/../../../../include/c++/4.7.2/bits/allocator.h:119:5: note:   template argument deduction/substitution failed:
Quash.cpp:104:20: note:   mismatched types ‘const std::allocator<_T1>’ and ‘const char [5]’
In file included from /usr/lib/gcc/x86_64-redhat-linux/4.7.2/../../../../include/c++/4.7.2/string:43:0,
                 from /usr/lib/gcc/x86_64-redhat-linux/4.7.2/../../../../include/c++/4.7.2/bits/locale_classes.h:42,
                 from /usr/lib/gcc/x86_64-redhat-linux/4.7.2/../../../../include/c++/4.7.2/bits/ios_base.h:43,
                 from /usr/lib/gcc/x86_64-redhat-linux/4.7.2/../../../../include/c++/4.7.2/ios:43,
                 from /usr/lib/gcc/x86_64-redhat-linux/4.7.2/../../../../include/c++/4.7.2/ostream:40,
                 from /usr/lib/gcc/x86_64-redhat-linux/4.7.2/../../../../include/c++/4.7.2/iostream:40,
                 from Quash.cpp:4:
/usr/lib/gcc/x86_64-redhat-linux/4.7.2/../../../../include/c++/4.7.2/bits/allocator.h:124:5: note: template<class _Tp> bool std::operator==(const std::allocator<_Tp1>&, const std::allocator<_Tp1>&)
/usr/lib/gcc/x86_64-redhat-linux/4.7.2/../../../../include/c++/4.7.2/bits/allocator.h:124:5: note:   template argument deduction/substitution failed:
Quash.cpp:104:20: note:   mismatched types ‘const std::allocator<_Tp1>’ and ‘const char [5]’
In file included from /usr/lib/gcc/x86_64-redhat-linux/4.7.2/../../../../include/c++/4.7.2/string:54:0,
                 from /usr/lib/gcc/x86_64-redhat-linux/4.7.2/../../../../include/c++/4.7.2/bits/locale_classes.h:42,
                 from /usr/lib/gcc/x86_64-redhat-linux/4.7.2/../../../../include/c++/4.7.2/bits/ios_base.h:43,
                 from /usr/lib/gcc/x86_64-redhat-linux/4.7.2/../../../../include/c++/4.7.2/ios:43,
                 from /usr/lib/gcc/x86_64-redhat-linux/4.7.2/../../../../include/c++/4.7.2/ostream:40,
                 from /usr/lib/gcc/x86_64-redhat-linux/4.7.2/../../../../include/c++/4.7.2/iostream:40,
                 from Quash.cpp:4:
/usr/lib/gcc/x86_64-redhat-linux/4.7.2/../../../../include/c++/4.7.2/bits/basic_string.h:2483:5: note: template<class _CharT, class _Traits, class _Alloc> bool std::operator==(const std::basic_string<_CharT, _Traits, _Alloc>&, const std::basic_string<_CharT, _Traits, _Alloc>&)
/usr/lib/gcc/x86_64-redhat-linux/4.7.2/../../../../include/c++/4.7.2/bits/basic_string.h:2483:5: note:   template argument deduction/substitution failed:
Quash.cpp:104:20: note:   mismatched types ‘const std::basic_string<_CharT, _Traits, _Alloc>’ and ‘const char [5]’
In file included from /usr/lib/gcc/x86_64-redhat-linux/4.7.2/../../../../include/c++/4.7.2/string:54:0,
                 from /usr/lib/gcc/x86_64-redhat-linux/4.7.2/../../../../include/c++/4.7.2/bits/locale_classes.h:42,
                 from /usr/lib/gcc/x86_64-redhat-linux/4.7.2/../../../../include/c++/4.7.2/bits/ios_base.h:43,
                 from /usr/lib/gcc/x86_64-redhat-linux/4.7.2/../../../../include/c++/4.7.2/ios:43,
                 from /usr/lib/gcc/x86_64-redhat-linux/4.7.2/../../../../include/c++/4.7.2/ostream:40,
                 from /usr/lib/gcc/x86_64-redhat-linux/4.7.2/../../../../include/c++/4.7.2/iostream:40,
                 from Quash.cpp:4:
/usr/lib/gcc/x86_64-redhat-linux/4.7.2/../../../../include/c++/4.7.2/bits/basic_string.h:2490:5: note: template<class _CharT> typename __gnu_cxx::__enable_if<std::__is_char<_Tp>::__value, bool>::__type std::operator==(const std::basic_string<_CharT>&, const std::basic_string<_CharT>&)
/usr/lib/gcc/x86_64-redhat-linux/4.7.2/../../../../include/c++/4.7.2/bits/basic_string.h:2490:5: note:   template argument deduction/substitution failed:
Quash.cpp:104:20: note:   mismatched types ‘const std::basic_string<_CharT>’ and ‘const char [5]’
In file included from /usr/lib/gcc/x86_64-redhat-linux/4.7.2/../../../../include/c++/4.7.2/string:54:0,
                 from /usr/lib/gcc/x86_64-redhat-linux/4.7.2/../../../../include/c++/4.7.2/bits/locale_classes.h:42,
                 from /usr/lib/gcc/x86_64-redhat-linux/4.7.2/../../../../include/c++/4.7.2/bits/ios_base.h:43,
                 from /usr/lib/gcc/x86_64-redhat-linux/4.7.2/../../../../include/c++/4.7.2/ios:43,
                 from /usr/lib/gcc/x86_64-redhat-linux/4.7.2/../../../../include/c++/4.7.2/ostream:40,
                 from /usr/lib/gcc/x86_64-redhat-linux/4.7.2/../../../../include/c++/4.7.2/iostream:40,
                 from Quash.cpp:4:
/usr/lib/gcc/x86_64-redhat-linux/4.7.2/../../../../include/c++/4.7.2/bits/basic_string.h:2504:5: note: template<class _CharT, class _Traits, class _Alloc> bool std::operator==(const _CharT*, const std::basic_string<_CharT, _Traits, _Alloc>&)
/usr/lib/gcc/x86_64-redhat-linux/4.7.2/../../../../include/c++/4.7.2/bits/basic_string.h:2504:5: note:   template argument deduction/substitution failed:
Quash.cpp:104:20: note:   ‘const Process’ is not derived from ‘const std::basic_string<_CharT, _Traits, _Alloc>’
In file included from /usr/lib/gcc/x86_64-redhat-linux/4.7.2/../../../../include/c++/4.7.2/string:54:0,
                 from /usr/lib/gcc/x86_64-redhat-linux/4.7.2/../../../../include/c++/4.7.2/bits/locale_classes.h:42,
                 from /usr/lib/gcc/x86_64-redhat-linux/4.7.2/../../../../include/c++/4.7.2/bits/ios_base.h:43,
                 from /usr/lib/gcc/x86_64-redhat-linux/4.7.2/../../../../include/c++/4.7.2/ios:43,
                 from /usr/lib/gcc/x86_64-redhat-linux/4.7.2/../../../../include/c++/4.7.2/ostream:40,
                 from /usr/lib/gcc/x86_64-redhat-linux/4.7.2/../../../../include/c++/4.7.2/iostream:40,
                 from Quash.cpp:4:
/usr/lib/gcc/x86_64-redhat-linux/4.7.2/../../../../include/c++/4.7.2/bits/basic_string.h:2516:5: note: template<class _CharT, class _Traits, class _Alloc> bool std::operator==(const std::basic_string<_CharT, _Traits, _Alloc>&, const _CharT*)
/usr/lib/gcc/x86_64-redhat-linux/4.7.2/../../../../include/c++/4.7.2/bits/basic_string.h:2516:5: note:   template argument deduction/substitution failed:
Quash.cpp:104:20: note:   mismatched types ‘const std::basic_string<_CharT, _Traits, _Alloc>’ and ‘const char [5]’
In file included from /usr/lib/gcc/x86_64-redhat-linux/4.7.2/../../../../include/c++/4.7.2/bits/locale_facets.h:50:0,
                 from /usr/lib/gcc/x86_64-redhat-linux/4.7.2/../../../../include/c++/4.7.2/bits/basic_ios.h:39,
                 from /usr/lib/gcc/x86_64-redhat-linux/4.7.2/../../../../include/c++/4.7.2/ios:45,
                 from /usr/lib/gcc/x86_64-redhat-linux/4.7.2/../../../../include/c++/4.7.2/ostream:40,
                 from /usr/lib/gcc/x86_64-redhat-linux/4.7.2/../../../../include/c++/4.7.2/iostream:40,
                 from Quash.cpp:4:
/usr/lib/gcc/x86_64-redhat-linux/4.7.2/../../../../include/c++/4.7.2/bits/streambuf_iterator.h:206:5: note: template<class _CharT, class _Traits> bool std::operator==(const std::istreambuf_iterator<_CharT, _Traits>&, const std::istreambuf_iterator<_CharT, _Traits>&)
/usr/lib/gcc/x86_64-redhat-linux/4.7.2/../../../../include/c++/4.7.2/bits/streambuf_iterator.h:206:5: note:   template argument deduction/substitution failed:
Quash.cpp:104:20: note:   mismatched types ‘const std::istreambuf_iterator<_CharT, _Traits>’ and ‘const char [5]’
In file included from /usr/lib/gcc/x86_64-redhat-linux/4.7.2/../../../../include/c++/4.7.2/vector:65:0,
                 from Quash.cpp:7:
/usr/lib/gcc/x86_64-redhat-linux/4.7.2/../../../../include/c++/4.7.2/bits/stl_vector.h:1370:5: note: template<class _Tp, class _Alloc> bool std::operator==(const std::vector<_Tp, _Alloc>&, const std::vector<_Tp, _Alloc>&)
/usr/lib/gcc/x86_64-redhat-linux/4.7.2/../../../../include/c++/4.7.2/bits/stl_vector.h:1370:5: note:   template argument deduction/substitution failed:
Quash.cpp:104:20: note:   mismatched types ‘const std::vector<_Tp, _Alloc>’ and ‘const char [5]’
Quash.cpp:106:20: error: no match for ‘operator==’ in ‘"quit" == process’
Quash.cpp:106:20: note: candidates are:
In file included from /usr/lib/gcc/x86_64-redhat-linux/4.7.2/../../../../include/c++/4.7.2/iosfwd:42:0,
                 from /usr/lib/gcc/x86_64-redhat-linux/4.7.2/../../../../include/c++/4.7.2/ios:39,
                 from /usr/lib/gcc/x86_64-redhat-linux/4.7.2/../../../../include/c++/4.7.2/ostream:40,
                 from /usr/lib/gcc/x86_64-redhat-linux/4.7.2/../../../../include/c++/4.7.2/iostream:40,
                 from Quash.cpp:4:
/usr/lib/gcc/x86_64-redhat-linux/4.7.2/../../../../include/c++/4.7.2/bits/postypes.h:218:5: note: template<class _StateT> bool std::operator==(const std::fpos<_StateT>&, const std::fpos<_StateT>&)
/usr/lib/gcc/x86_64-redhat-linux/4.7.2/../../../../include/c++/4.7.2/bits/postypes.h:218:5: note:   template argument deduction/substitution failed:
Quash.cpp:106:20: note:   mismatched types ‘const std::fpos<_StateT>’ and ‘const char [5]’
In file included from /usr/lib/gcc/x86_64-redhat-linux/4.7.2/../../../../include/c++/4.7.2/bits/stl_algobase.h:65:0,
                 from /usr/lib/gcc/x86_64-redhat-linux/4.7.2/../../../../include/c++/4.7.2/bits/char_traits.h:41,
                 from /usr/lib/gcc/x86_64-redhat-linux/4.7.2/../../../../include/c++/4.7.2/ios:41,
                 from /usr/lib/gcc/x86_64-redhat-linux/4.7.2/../../../../include/c++/4.7.2/ostream:40,
                 from /usr/lib/gcc/x86_64-redhat-linux/4.7.2/../../../../include/c++/4.7.2/iostream:40,
                 from Quash.cpp:4:
/usr/lib/gcc/x86_64-redhat-linux/4.7.2/../../../../include/c++/4.7.2/bits/stl_pair.h:206:5: note: template<class _T1, class _T2> constexpr bool std::operator==(const std::pair<_T1, _T2>&, const std::pair<_T1, _T2>&)
/usr/lib/gcc/x86_64-redhat-linux/4.7.2/../../../../include/c++/4.7.2/bits/stl_pair.h:206:5: note:   template argument deduction/substitution failed:
Quash.cpp:106:20: note:   mismatched types ‘const std::pair<_T1, _T2>’ and ‘const char [5]’
In file included from /usr/lib/gcc/x86_64-redhat-linux/4.7.2/../../../../include/c++/4.7.2/bits/stl_algobase.h:68:0,
                 from /usr/lib/gcc/x86_64-redhat-linux/4.7.2/../../../../include/c++/4.7.2/bits/char_traits.h:41,
                 from /usr/lib/gcc/x86_64-redhat-linux/4.7.2/../../../../include/c++/4.7.2/ios:41,
                 from /usr/lib/gcc/x86_64-redhat-linux/4.7.2/../../../../include/c++/4.7.2/ostream:40,
                 from /usr/lib/gcc/x86_64-redhat-linux/4.7.2/../../../../include/c++/4.7.2/iostream:40,
                 from Quash.cpp:4:
/usr/lib/gcc/x86_64-redhat-linux/4.7.2/../../../../include/c++/4.7.2/bits/stl_iterator.h:293:5: note: template<class _Iterator> bool std::operator==(const std::reverse_iterator<_Iterator>&, const std::reverse_iterator<_Iterator>&)
/usr/lib/gcc/x86_64-redhat-linux/4.7.2/../../../../include/c++/4.7.2/bits/stl_iterator.h:293:5: note:   template argument deduction/substitution failed:
Quash.cpp:106:20: note:   mismatched types ‘const std::reverse_iterator<_Iterator>’ and ‘const char [5]’
In file included from /usr/lib/gcc/x86_64-redhat-linux/4.7.2/../../../../include/c++/4.7.2/bits/stl_algobase.h:68:0,
                 from /usr/lib/gcc/x86_64-redhat-linux/4.7.2/../../../../include/c++/4.7.2/bits/char_traits.h:41,
                 from /usr/lib/gcc/x86_64-redhat-linux/4.7.2/../../../../include/c++/4.7.2/ios:41,
                 from /usr/lib/gcc/x86_64-redhat-linux/4.7.2/../../../../include/c++/4.7.2/ostream:40,
                 from /usr/lib/gcc/x86_64-redhat-linux/4.7.2/../../../../include/c++/4.7.2/iostream:40,
                 from Quash.cpp:4:
/usr/lib/gcc/x86_64-redhat-linux/4.7.2/../../../../include/c++/4.7.2/bits/stl_iterator.h:343:5: note: template<class _IteratorL, class _IteratorR> bool std::operator==(const std::reverse_iterator<_IteratorL>&, const std::reverse_iterator<_IteratorR>&)
/usr/lib/gcc/x86_64-redhat-linux/4.7.2/../../../../include/c++/4.7.2/bits/stl_iterator.h:343:5: note:   template argument deduction/substitution failed:
Quash.cpp:106:20: note:   mismatched types ‘const std::reverse_iterator<_IteratorL>’ and ‘const char [5]’
In file included from /usr/lib/gcc/x86_64-redhat-linux/4.7.2/../../../../include/c++/4.7.2/bits/stl_algobase.h:68:0,
                 from /usr/lib/gcc/x86_64-redhat-linux/4.7.2/../../../../include/c++/4.7.2/bits/char_traits.h:41,
                 from /usr/lib/gcc/x86_64-redhat-linux/4.7.2/../../../../include/c++/4.7.2/ios:41,
                 from /usr/lib/gcc/x86_64-redhat-linux/4.7.2/../../../../include/c++/4.7.2/ostream:40,
                 from /usr/lib/gcc/x86_64-redhat-linux/4.7.2/../../../../include/c++/4.7.2/iostream:40,
                 from Quash.cpp:4:
/usr/lib/gcc/x86_64-redhat-linux/4.7.2/../../../../include/c++/4.7.2/bits/stl_iterator.h:1033:5: note: template<class _IteratorL, class _IteratorR> bool std::operator==(const std::move_iterator<_IteratorL>&, const std::move_iterator<_IteratorR>&)
/usr/lib/gcc/x86_64-redhat-linux/4.7.2/../../../../include/c++/4.7.2/bits/stl_iterator.h:1033:5: note:   template argument deduction/substitution failed:
Quash.cpp:106:20: note:   mismatched types ‘const std::move_iterator<_IteratorL>’ and ‘const char [5]’
In file included from /usr/lib/gcc/x86_64-redhat-linux/4.7.2/../../../../include/c++/4.7.2/bits/stl_algobase.h:68:0,
                 from /usr/lib/gcc/x86_64-redhat-linux/4.7.2/../../../../include/c++/4.7.2/bits/char_traits.h:41,
                 from /usr/lib/gcc/x86_64-redhat-linux/4.7.2/../../../../include/c++/4.7.2/ios:41,
                 from /usr/lib/gcc/x86_64-redhat-linux/4.7.2/../../../../include/c++/4.7.2/ostream:40,
                 from /usr/lib/gcc/x86_64-redhat-linux/4.7.2/../../../../include/c++/4.7.2/iostream:40,
                 from Quash.cpp:4:
/usr/lib/gcc/x86_64-redhat-linux/4.7.2/../../../../include/c++/4.7.2/bits/stl_iterator.h:1039:5: note: template<class _Iterator> bool std::operator==(const std::move_iterator<_Iterator>&, const std::move_iterator<_Iterator>&)
/usr/lib/gcc/x86_64-redhat-linux/4.7.2/../../../../include/c++/4.7.2/bits/stl_iterator.h:1039:5: note:   template argument deduction/substitution failed:
Quash.cpp:106:20: note:   mismatched types ‘const std::move_iterator<_Iterator>’ and ‘const char [5]’
In file included from /usr/lib/gcc/x86_64-redhat-linux/4.7.2/../../../../include/c++/4.7.2/string:43:0,
                 from /usr/lib/gcc/x86_64-redhat-linux/4.7.2/../../../../include/c++/4.7.2/bits/locale_classes.h:42,
                 from /usr/lib/gcc/x86_64-redhat-linux/4.7.2/../../../../include/c++/4.7.2/bits/ios_base.h:43,
                 from /usr/lib/gcc/x86_64-redhat-linux/4.7.2/../../../../include/c++/4.7.2/ios:43,
                 from /usr/lib/gcc/x86_64-redhat-linux/4.7.2/../../../../include/c++/4.7.2/ostream:40,
                 from /usr/lib/gcc/x86_64-redhat-linux/4.7.2/../../../../include/c++/4.7.2/iostream:40,
                 from Quash.cpp:4:
/usr/lib/gcc/x86_64-redhat-linux/4.7.2/../../../../include/c++/4.7.2/bits/allocator.h:119:5: note: template<class _T1, class _T2> bool std::operator==(const std::allocator<_T1>&, const std::allocator<_T2>&)
/usr/lib/gcc/x86_64-redhat-linux/4.7.2/../../../../include/c++/4.7.2/bits/allocator.h:119:5: note:   template argument deduction/substitution failed:
Quash.cpp:106:20: note:   mismatched types ‘const std::allocator<_T1>’ and ‘const char [5]’
In file included from /usr/lib/gcc/x86_64-redhat-linux/4.7.2/../../../../include/c++/4.7.2/string:43:0,
                 from /usr/lib/gcc/x86_64-redhat-linux/4.7.2/../../../../include/c++/4.7.2/bits/locale_classes.h:42,
                 from /usr/lib/gcc/x86_64-redhat-linux/4.7.2/../../../../include/c++/4.7.2/bits/ios_base.h:43,
                 from /usr/lib/gcc/x86_64-redhat-linux/4.7.2/../../../../include/c++/4.7.2/ios:43,
                 from /usr/lib/gcc/x86_64-redhat-linux/4.7.2/../../../../include/c++/4.7.2/ostream:40,
                 from /usr/lib/gcc/x86_64-redhat-linux/4.7.2/../../../../include/c++/4.7.2/iostream:40,
                 from Quash.cpp:4:
/usr/lib/gcc/x86_64-redhat-linux/4.7.2/../../../../include/c++/4.7.2/bits/allocator.h:124:5: note: template<class _Tp> bool std::operator==(const std::allocator<_Tp1>&, const std::allocator<_Tp1>&)
/usr/lib/gcc/x86_64-redhat-linux/4.7.2/../../../../include/c++/4.7.2/bits/allocator.h:124:5: note:   template argument deduction/substitution failed:
Quash.cpp:106:20: note:   mismatched types ‘const std::allocator<_Tp1>’ and ‘const char [5]’
In file included from /usr/lib/gcc/x86_64-redhat-linux/4.7.2/../../../../include/c++/4.7.2/string:54:0,
                 from /usr/lib/gcc/x86_64-redhat-linux/4.7.2/../../../../include/c++/4.7.2/bits/locale_classes.h:42,
                 from /usr/lib/gcc/x86_64-redhat-linux/4.7.2/../../../../include/c++/4.7.2/bits/ios_base.h:43,
                 from /usr/lib/gcc/x86_64-redhat-linux/4.7.2/../../../../include/c++/4.7.2/ios:43,
                 from /usr/lib/gcc/x86_64-redhat-linux/4.7.2/../../../../include/c++/4.7.2/ostream:40,
                 from /usr/lib/gcc/x86_64-redhat-linux/4.7.2/../../../../include/c++/4.7.2/iostream:40,
                 from Quash.cpp:4:
/usr/lib/gcc/x86_64-redhat-linux/4.7.2/../../../../include/c++/4.7.2/bits/basic_string.h:2483:5: note: template<class _CharT, class _Traits, class _Alloc> bool std::operator==(const std::basic_string<_CharT, _Traits, _Alloc>&, const std::basic_string<_CharT, _Traits, _Alloc>&)
/usr/lib/gcc/x86_64-redhat-linux/4.7.2/../../../../include/c++/4.7.2/bits/basic_string.h:2483:5: note:   template argument deduction/substitution failed:
Quash.cpp:106:20: note:   mismatched types ‘const std::basic_string<_CharT, _Traits, _Alloc>’ and ‘const char [5]’
In file included from /usr/lib/gcc/x86_64-redhat-linux/4.7.2/../../../../include/c++/4.7.2/string:54:0,
                 from /usr/lib/gcc/x86_64-redhat-linux/4.7.2/../../../../include/c++/4.7.2/bits/locale_classes.h:42,
                 from /usr/lib/gcc/x86_64-redhat-linux/4.7.2/../../../../include/c++/4.7.2/bits/ios_base.h:43,
                 from /usr/lib/gcc/x86_64-redhat-linux/4.7.2/../../../../include/c++/4.7.2/ios:43,
                 from /usr/lib/gcc/x86_64-redhat-linux/4.7.2/../../../../include/c++/4.7.2/ostream:40,
                 from /usr/lib/gcc/x86_64-redhat-linux/4.7.2/../../../../include/c++/4.7.2/iostream:40,
                 from Quash.cpp:4:
/usr/lib/gcc/x86_64-redhat-linux/4.7.2/../../../../include/c++/4.7.2/bits/basic_string.h:2490:5: note: template<class _CharT> typename __gnu_cxx::__enable_if<std::__is_char<_Tp>::__value, bool>::__type std::operator==(const std::basic_string<_CharT>&, const std::basic_string<_CharT>&)
/usr/lib/gcc/x86_64-redhat-linux/4.7.2/../../../../include/c++/4.7.2/bits/basic_string.h:2490:5: note:   template argument deduction/substitution failed:
Quash.cpp:106:20: note:   mismatched types ‘const std::basic_string<_CharT>’ and ‘const char [5]’
In file included from /usr/lib/gcc/x86_64-redhat-linux/4.7.2/../../../../include/c++/4.7.2/string:54:0,
                 from /usr/lib/gcc/x86_64-redhat-linux/4.7.2/../../../../include/c++/4.7.2/bits/locale_classes.h:42,
                 from /usr/lib/gcc/x86_64-redhat-linux/4.7.2/../../../../include/c++/4.7.2/bits/ios_base.h:43,
                 from /usr/lib/gcc/x86_64-redhat-linux/4.7.2/../../../../include/c++/4.7.2/ios:43,
                 from /usr/lib/gcc/x86_64-redhat-linux/4.7.2/../../../../include/c++/4.7.2/ostream:40,
                 from /usr/lib/gcc/x86_64-redhat-linux/4.7.2/../../../../include/c++/4.7.2/iostream:40,
                 from Quash.cpp:4:
/usr/lib/gcc/x86_64-redhat-linux/4.7.2/../../../../include/c++/4.7.2/bits/basic_string.h:2504:5: note: template<class _CharT, class _Traits, class _Alloc> bool std::operator==(const _CharT*, const std::basic_string<_CharT, _Traits, _Alloc>&)
/usr/lib/gcc/x86_64-redhat-linux/4.7.2/../../../../include/c++/4.7.2/bits/basic_string.h:2504:5: note:   template argument deduction/substitution failed:
Quash.cpp:106:20: note:   ‘const Process’ is not derived from ‘const std::basic_string<_CharT, _Traits, _Alloc>’
In file included from /usr/lib/gcc/x86_64-redhat-linux/4.7.2/../../../../include/c++/4.7.2/string:54:0,
                 from /usr/lib/gcc/x86_64-redhat-linux/4.7.2/../../../../include/c++/4.7.2/bits/locale_classes.h:42,
                 from /usr/lib/gcc/x86_64-redhat-linux/4.7.2/../../../../include/c++/4.7.2/bits/ios_base.h:43,
                 from /usr/lib/gcc/x86_64-redhat-linux/4.7.2/../../../../include/c++/4.7.2/ios:43,
                 from /usr/lib/gcc/x86_64-redhat-linux/4.7.2/../../../../include/c++/4.7.2/ostream:40,
                 from /usr/lib/gcc/x86_64-redhat-linux/4.7.2/../../../../include/c++/4.7.2/iostream:40,
                 from Quash.cpp:4:
/usr/lib/gcc/x86_64-redhat-linux/4.7.2/../../../../include/c++/4.7.2/bits/basic_string.h:2516:5: note: template<class _CharT, class _Traits, class _Alloc> bool std::operator==(const std::basic_string<_CharT, _Traits, _Alloc>&, const _CharT*)
/usr/lib/gcc/x86_64-redhat-linux/4.7.2/../../../../include/c++/4.7.2/bits/basic_string.h:2516:5: note:   template argument deduction/substitution failed:
Quash.cpp:106:20: note:   mismatched types ‘const std::basic_string<_CharT, _Traits, _Alloc>’ and ‘const char [5]’
In file included from /usr/lib/gcc/x86_64-redhat-linux/4.7.2/../../../../include/c++/4.7.2/bits/locale_facets.h:50:0,
                 from /usr/lib/gcc/x86_64-redhat-linux/4.7.2/../../../../include/c++/4.7.2/bits/basic_ios.h:39,
                 from /usr/lib/gcc/x86_64-redhat-linux/4.7.2/../../../../include/c++/4.7.2/ios:45,
                 from /usr/lib/gcc/x86_64-redhat-linux/4.7.2/../../../../include/c++/4.7.2/ostream:40,
                 from /usr/lib/gcc/x86_64-redhat-linux/4.7.2/../../../../include/c++/4.7.2/iostream:40,
                 from Quash.cpp:4:
/usr/lib/gcc/x86_64-redhat-linux/4.7.2/../../../../include/c++/4.7.2/bits/streambuf_iterator.h:206:5: note: template<class _CharT, class _Traits> bool std::operator==(const std::istreambuf_iterator<_CharT, _Traits>&, const std::istreambuf_iterator<_CharT, _Traits>&)
/usr/lib/gcc/x86_64-redhat-linux/4.7.2/../../../../include/c++/4.7.2/bits/streambuf_iterator.h:206:5: note:   template argument deduction/substitution failed:
Quash.cpp:106:20: note:   mismatched types ‘const std::istreambuf_iterator<_CharT, _Traits>’ and ‘const char [5]’
In file included from /usr/lib/gcc/x86_64-redhat-linux/4.7.2/../../../../include/c++/4.7.2/vector:65:0,
                 from Quash.cpp:7:
/usr/lib/gcc/x86_64-redhat-linux/4.7.2/../../../../include/c++/4.7.2/bits/stl_vector.h:1370:5: note: template<class _Tp, class _Alloc> bool std::operator==(const std::vector<_Tp, _Alloc>&, const std::vector<_Tp, _Alloc>&)
/usr/lib/gcc/x86_64-redhat-linux/4.7.2/../../../../include/c++/4.7.2/bits/stl_vector.h:1370:5: note:   template argument deduction/substitution failed:
Quash.cpp:106:20: note:   mismatched types ‘const std::vector<_Tp, _Alloc>’ and ‘const char [5]’
Quash.cpp:108:20: error: no match for ‘operator==’ in ‘"jobs" == process’
Quash.cpp:108:20: note: candidates are:
In file included from /usr/lib/gcc/x86_64-redhat-linux/4.7.2/../../../../include/c++/4.7.2/iosfwd:42:0,
                 from /usr/lib/gcc/x86_64-redhat-linux/4.7.2/../../../../include/c++/4.7.2/ios:39,
                 from /usr/lib/gcc/x86_64-redhat-linux/4.7.2/../../../../include/c++/4.7.2/ostream:40,
                 from /usr/lib/gcc/x86_64-redhat-linux/4.7.2/../../../../include/c++/4.7.2/iostream:40,
                 from Quash.cpp:4:
/usr/lib/gcc/x86_64-redhat-linux/4.7.2/../../../../include/c++/4.7.2/bits/postypes.h:218:5: note: template<class _StateT> bool std::operator==(const std::fpos<_StateT>&, const std::fpos<_StateT>&)
/usr/lib/gcc/x86_64-redhat-linux/4.7.2/../../../../include/c++/4.7.2/bits/postypes.h:218:5: note:   template argument deduction/substitution failed:
Quash.cpp:108:20: note:   mismatched types ‘const std::fpos<_StateT>’ and ‘const char [5]’
In file included from /usr/lib/gcc/x86_64-redhat-linux/4.7.2/../../../../include/c++/4.7.2/bits/stl_algobase.h:65:0,
                 from /usr/lib/gcc/x86_64-redhat-linux/4.7.2/../../../../include/c++/4.7.2/bits/char_traits.h:41,
                 from /usr/lib/gcc/x86_64-redhat-linux/4.7.2/../../../../include/c++/4.7.2/ios:41,
                 from /usr/lib/gcc/x86_64-redhat-linux/4.7.2/../../../../include/c++/4.7.2/ostream:40,
                 from /usr/lib/gcc/x86_64-redhat-linux/4.7.2/../../../../include/c++/4.7.2/iostream:40,
                 from Quash.cpp:4:
/usr/lib/gcc/x86_64-redhat-linux/4.7.2/../../../../include/c++/4.7.2/bits/stl_pair.h:206:5: note: template<class _T1, class _T2> constexpr bool std::operator==(const std::pair<_T1, _T2>&, const std::pair<_T1, _T2>&)
/usr/lib/gcc/x86_64-redhat-linux/4.7.2/../../../../include/c++/4.7.2/bits/stl_pair.h:206:5: note:   template argument deduction/substitution failed:
Quash.cpp:108:20: note:   mismatched types ‘const std::pair<_T1, _T2>’ and ‘const char [5]’
In file included from /usr/lib/gcc/x86_64-redhat-linux/4.7.2/../../../../include/c++/4.7.2/bits/stl_algobase.h:68:0,
                 from /usr/lib/gcc/x86_64-redhat-linux/4.7.2/../../../../include/c++/4.7.2/bits/char_traits.h:41,
                 from /usr/lib/gcc/x86_64-redhat-linux/4.7.2/../../../../include/c++/4.7.2/ios:41,
                 from /usr/lib/gcc/x86_64-redhat-linux/4.7.2/../../../../include/c++/4.7.2/ostream:40,
                 from /usr/lib/gcc/x86_64-redhat-linux/4.7.2/../../../../include/c++/4.7.2/iostream:40,
                 from Quash.cpp:4:
/usr/lib/gcc/x86_64-redhat-linux/4.7.2/../../../../include/c++/4.7.2/bits/stl_iterator.h:293:5: note: template<class _Iterator> bool std::operator==(const std::reverse_iterator<_Iterator>&, const std::reverse_iterator<_Iterator>&)
/usr/lib/gcc/x86_64-redhat-linux/4.7.2/../../../../include/c++/4.7.2/bits/stl_iterator.h:293:5: note:   template argument deduction/substitution failed:
Quash.cpp:108:20: note:   mismatched types ‘const std::reverse_iterator<_Iterator>’ and ‘const char [5]’
In file included from /usr/lib/gcc/x86_64-redhat-linux/4.7.2/../../../../include/c++/4.7.2/bits/stl_algobase.h:68:0,
                 from /usr/lib/gcc/x86_64-redhat-linux/4.7.2/../../../../include/c++/4.7.2/bits/char_traits.h:41,
                 from /usr/lib/gcc/x86_64-redhat-linux/4.7.2/../../../../include/c++/4.7.2/ios:41,
                 from /usr/lib/gcc/x86_64-redhat-linux/4.7.2/../../../../include/c++/4.7.2/ostream:40,
                 from /usr/lib/gcc/x86_64-redhat-linux/4.7.2/../../../../include/c++/4.7.2/iostream:40,
                 from Quash.cpp:4:
/usr/lib/gcc/x86_64-redhat-linux/4.7.2/../../../../include/c++/4.7.2/bits/stl_iterator.h:343:5: note: template<class _IteratorL, class _IteratorR> bool std::operator==(const std::reverse_iterator<_IteratorL>&, const std::reverse_iterator<_IteratorR>&)
/usr/lib/gcc/x86_64-redhat-linux/4.7.2/../../../../include/c++/4.7.2/bits/stl_iterator.h:343:5: note:   template argument deduction/substitution failed:
Quash.cpp:108:20: note:   mismatched types ‘const std::reverse_iterator<_IteratorL>’ and ‘const char [5]’
In file included from /usr/lib/gcc/x86_64-redhat-linux/4.7.2/../../../../include/c++/4.7.2/bits/stl_algobase.h:68:0,
                 from /usr/lib/gcc/x86_64-redhat-linux/4.7.2/../../../../include/c++/4.7.2/bits/char_traits.h:41,
                 from /usr/lib/gcc/x86_64-redhat-linux/4.7.2/../../../../include/c++/4.7.2/ios:41,
                 from /usr/lib/gcc/x86_64-redhat-linux/4.7.2/../../../../include/c++/4.7.2/ostream:40,
                 from /usr/lib/gcc/x86_64-redhat-linux/4.7.2/../../../../include/c++/4.7.2/iostream:40,
                 from Quash.cpp:4:
/usr/lib/gcc/x86_64-redhat-linux/4.7.2/../../../../include/c++/4.7.2/bits/stl_iterator.h:1033:5: note: template<class _IteratorL, class _IteratorR> bool std::operator==(const std::move_iterator<_IteratorL>&, const std::move_iterator<_IteratorR>&)
/usr/lib/gcc/x86_64-redhat-linux/4.7.2/../../../../include/c++/4.7.2/bits/stl_iterator.h:1033:5: note:   template argument deduction/substitution failed:
Quash.cpp:108:20: note:   mismatched types ‘const std::move_iterator<_IteratorL>’ and ‘const char [5]’
In file included from /usr/lib/gcc/x86_64-redhat-linux/4.7.2/../../../../include/c++/4.7.2/bits/stl_algobase.h:68:0,
                 from /usr/lib/gcc/x86_64-redhat-linux/4.7.2/../../../../include/c++/4.7.2/bits/char_traits.h:41,
                 from /usr/lib/gcc/x86_64-redhat-linux/4.7.2/../../../../include/c++/4.7.2/ios:41,
                 from /usr/lib/gcc/x86_64-redhat-linux/4.7.2/../../../../include/c++/4.7.2/ostream:40,
                 from /usr/lib/gcc/x86_64-redhat-linux/4.7.2/../../../../include/c++/4.7.2/iostream:40,
                 from Quash.cpp:4:
/usr/lib/gcc/x86_64-redhat-linux/4.7.2/../../../../include/c++/4.7.2/bits/stl_iterator.h:1039:5: note: template<class _Iterator> bool std::operator==(const std::move_iterator<_Iterator>&, const std::move_iterator<_Iterator>&)
/usr/lib/gcc/x86_64-redhat-linux/4.7.2/../../../../include/c++/4.7.2/bits/stl_iterator.h:1039:5: note:   template argument deduction/substitution failed:
Quash.cpp:108:20: note:   mismatched types ‘const std::move_iterator<_Iterator>’ and ‘const char [5]’
In file included from /usr/lib/gcc/x86_64-redhat-linux/4.7.2/../../../../include/c++/4.7.2/string:43:0,
                 from /usr/lib/gcc/x86_64-redhat-linux/4.7.2/../../../../include/c++/4.7.2/bits/locale_classes.h:42,
                 from /usr/lib/gcc/x86_64-redhat-linux/4.7.2/../../../../include/c++/4.7.2/bits/ios_base.h:43,
                 from /usr/lib/gcc/x86_64-redhat-linux/4.7.2/../../../../include/c++/4.7.2/ios:43,
                 from /usr/lib/gcc/x86_64-redhat-linux/4.7.2/../../../../include/c++/4.7.2/ostream:40,
                 from /usr/lib/gcc/x86_64-redhat-linux/4.7.2/../../../../include/c++/4.7.2/iostream:40,
                 from Quash.cpp:4:
/usr/lib/gcc/x86_64-redhat-linux/4.7.2/../../../../include/c++/4.7.2/bits/allocator.h:119:5: note: template<class _T1, class _T2> bool std::operator==(const std::allocator<_T1>&, const std::allocator<_T2>&)
/usr/lib/gcc/x86_64-redhat-linux/4.7.2/../../../../include/c++/4.7.2/bits/allocator.h:119:5: note:   template argument deduction/substitution failed:
Quash.cpp:108:20: note:   mismatched types ‘const std::allocator<_T1>’ and ‘const char [5]’
In file included from /usr/lib/gcc/x86_64-redhat-linux/4.7.2/../../../../include/c++/4.7.2/string:43:0,
                 from /usr/lib/gcc/x86_64-redhat-linux/4.7.2/../../../../include/c++/4.7.2/bits/locale_classes.h:42,
                 from /usr/lib/gcc/x86_64-redhat-linux/4.7.2/../../../../include/c++/4.7.2/bits/ios_base.h:43,
                 from /usr/lib/gcc/x86_64-redhat-linux/4.7.2/../../../../include/c++/4.7.2/ios:43,
                 from /usr/lib/gcc/x86_64-redhat-linux/4.7.2/../../../../include/c++/4.7.2/ostream:40,
                 from /usr/lib/gcc/x86_64-redhat-linux/4.7.2/../../../../include/c++/4.7.2/iostream:40,
                 from Quash.cpp:4:
/usr/lib/gcc/x86_64-redhat-linux/4.7.2/../../../../include/c++/4.7.2/bits/allocator.h:124:5: note: template<class _Tp> bool std::operator==(const std::allocator<_Tp1>&, const std::allocator<_Tp1>&)
/usr/lib/gcc/x86_64-redhat-linux/4.7.2/../../../../include/c++/4.7.2/bits/allocator.h:124:5: note:   template argument deduction/substitution failed:
Quash.cpp:108:20: note:   mismatched types ‘const std::allocator<_Tp1>’ and ‘const char [5]’
In file included from /usr/lib/gcc/x86_64-redhat-linux/4.7.2/../../../../include/c++/4.7.2/string:54:0,
                 from /usr/lib/gcc/x86_64-redhat-linux/4.7.2/../../../../include/c++/4.7.2/bits/locale_classes.h:42,
                 from /usr/lib/gcc/x86_64-redhat-linux/4.7.2/../../../../include/c++/4.7.2/bits/ios_base.h:43,
                 from /usr/lib/gcc/x86_64-redhat-linux/4.7.2/../../../../include/c++/4.7.2/ios:43,
                 from /usr/lib/gcc/x86_64-redhat-linux/4.7.2/../../../../include/c++/4.7.2/ostream:40,
                 from /usr/lib/gcc/x86_64-redhat-linux/4.7.2/../../../../include/c++/4.7.2/iostream:40,
                 from Quash.cpp:4:
/usr/lib/gcc/x86_64-redhat-linux/4.7.2/../../../../include/c++/4.7.2/bits/basic_string.h:2483:5: note: template<class _CharT, class _Traits, class _Alloc> bool std::operator==(const std::basic_string<_CharT, _Traits, _Alloc>&, const std::basic_string<_CharT, _Traits, _Alloc>&)
/usr/lib/gcc/x86_64-redhat-linux/4.7.2/../../../../include/c++/4.7.2/bits/basic_string.h:2483:5: note:   template argument deduction/substitution failed:
Quash.cpp:108:20: note:   mismatched types ‘const std::basic_string<_CharT, _Traits, _Alloc>’ and ‘const char [5]’
In file included from /usr/lib/gcc/x86_64-redhat-linux/4.7.2/../../../../include/c++/4.7.2/string:54:0,
                 from /usr/lib/gcc/x86_64-redhat-linux/4.7.2/../../../../include/c++/4.7.2/bits/locale_classes.h:42,
                 from /usr/lib/gcc/x86_64-redhat-linux/4.7.2/../../../../include/c++/4.7.2/bits/ios_base.h:43,
                 from /usr/lib/gcc/x86_64-redhat-linux/4.7.2/../../../../include/c++/4.7.2/ios:43,
                 from /usr/lib/gcc/x86_64-redhat-linux/4.7.2/../../../../include/c++/4.7.2/ostream:40,
                 from /usr/lib/gcc/x86_64-redhat-linux/4.7.2/../../../../include/c++/4.7.2/iostream:40,
                 from Quash.cpp:4:
/usr/lib/gcc/x86_64-redhat-linux/4.7.2/../../../../include/c++/4.7.2/bits/basic_string.h:2490:5: note: template<class _CharT> typename __gnu_cxx::__enable_if<std::__is_char<_Tp>::__value, bool>::__type std::operator==(const std::basic_string<_CharT>&, const std::basic_string<_CharT>&)
/usr/lib/gcc/x86_64-redhat-linux/4.7.2/../../../../include/c++/4.7.2/bits/basic_string.h:2490:5: note:   template argument deduction/substitution failed:
Quash.cpp:108:20: note:   mismatched types ‘const std::basic_string<_CharT>’ and ‘const char [5]’
In file included from /usr/lib/gcc/x86_64-redhat-linux/4.7.2/../../../../include/c++/4.7.2/string:54:0,
                 from /usr/lib/gcc/x86_64-redhat-linux/4.7.2/../../../../include/c++/4.7.2/bits/locale_classes.h:42,
                 from /usr/lib/gcc/x86_64-redhat-linux/4.7.2/../../../../include/c++/4.7.2/bits/ios_base.h:43,
                 from /usr/lib/gcc/x86_64-redhat-linux/4.7.2/../../../../include/c++/4.7.2/ios:43,
                 from /usr/lib/gcc/x86_64-redhat-linux/4.7.2/../../../../include/c++/4.7.2/ostream:40,
                 from /usr/lib/gcc/x86_64-redhat-linux/4.7.2/../../../../include/c++/4.7.2/iostream:40,
                 from Quash.cpp:4:
/usr/lib/gcc/x86_64-redhat-linux/4.7.2/../../../../include/c++/4.7.2/bits/basic_string.h:2504:5: note: template<class _CharT, class _Traits, class _Alloc> bool std::operator==(const _CharT*, const std::basic_string<_CharT, _Traits, _Alloc>&)
/usr/lib/gcc/x86_64-redhat-linux/4.7.2/../../../../include/c++/4.7.2/bits/basic_string.h:2504:5: note:   template argument deduction/substitution failed:
Quash.cpp:108:20: note:   ‘const Process’ is not derived from ‘const std::basic_string<_CharT, _Traits, _Alloc>’
In file included from /usr/lib/gcc/x86_64-redhat-linux/4.7.2/../../../../include/c++/4.7.2/string:54:0,
                 from /usr/lib/gcc/x86_64-redhat-linux/4.7.2/../../../../include/c++/4.7.2/bits/locale_classes.h:42,
                 from /usr/lib/gcc/x86_64-redhat-linux/4.7.2/../../../../include/c++/4.7.2/bits/ios_base.h:43,
                 from /usr/lib/gcc/x86_64-redhat-linux/4.7.2/../../../../include/c++/4.7.2/ios:43,
                 from /usr/lib/gcc/x86_64-redhat-linux/4.7.2/../../../../include/c++/4.7.2/ostream:40,
                 from /usr/lib/gcc/x86_64-redhat-linux/4.7.2/../../../../include/c++/4.7.2/iostream:40,
                 from Quash.cpp:4:
/usr/lib/gcc/x86_64-redhat-linux/4.7.2/../../../../include/c++/4.7.2/bits/basic_string.h:2516:5: note: template<class _CharT, class _Traits, class _Alloc> bool std::operator==(const std::basic_string<_CharT, _Traits, _Alloc>&, const _CharT*)
/usr/lib/gcc/x86_64-redhat-linux/4.7.2/../../../../include/c++/4.7.2/bits/basic_string.h:2516:5: note:   template argument deduction/substitution failed:
Quash.cpp:108:20: note:   mismatched types ‘const std::basic_string<_CharT, _Traits, _Alloc>’ and ‘const char [5]’
In file included from /usr/lib/gcc/x86_64-redhat-linux/4.7.2/../../../../include/c++/4.7.2/bits/locale_facets.h:50:0,
                 from /usr/lib/gcc/x86_64-redhat-linux/4.7.2/../../../../include/c++/4.7.2/bits/basic_ios.h:39,
                 from /usr/lib/gcc/x86_64-redhat-linux/4.7.2/../../../../include/c++/4.7.2/ios:45,
                 from /usr/lib/gcc/x86_64-redhat-linux/4.7.2/../../../../include/c++/4.7.2/ostream:40,
                 from /usr/lib/gcc/x86_64-redhat-linux/4.7.2/../../../../include/c++/4.7.2/iostream:40,
                 from Quash.cpp:4:
/usr/lib/gcc/x86_64-redhat-linux/4.7.2/../../../../include/c++/4.7.2/bits/streambuf_iterator.h:206:5: note: template<class _CharT, class _Traits> bool std::operator==(const std::istreambuf_iterator<_CharT, _Traits>&, const std::istreambuf_iterator<_CharT, _Traits>&)
/usr/lib/gcc/x86_64-redhat-linux/4.7.2/../../../../include/c++/4.7.2/bits/streambuf_iterator.h:206:5: note:   template argument deduction/substitution failed:
Quash.cpp:108:20: note:   mismatched types ‘const std::istreambuf_iterator<_CharT, _Traits>’ and ‘const char [5]’
In file included from /usr/lib/gcc/x86_64-redhat-linux/4.7.2/../../../../include/c++/4.7.2/vector:65:0,
                 from Quash.cpp:7:
/usr/lib/gcc/x86_64-redhat-linux/4.7.2/../../../../include/c++/4.7.2/bits/stl_vector.h:1370:5: note: template<class _Tp, class _Alloc> bool std::operator==(const std::vector<_Tp, _Alloc>&, const std::vector<_Tp, _Alloc>&)
/usr/lib/gcc/x86_64-redhat-linux/4.7.2/../../../../include/c++/4.7.2/bits/stl_vector.h:1370:5: note:   template argument deduction/substitution failed:
Quash.cpp:108:20: note:   mismatched types ‘const std::vector<_Tp, _Alloc>’ and ‘const char [5]’
Quash.cpp:111:9: error: cannot convert ‘bool’ to ‘QuashCmds’ in return
make: *** [Quash.o] Error 1
